<?xml version="1.0" encoding="UTF-8"?>
<!-- Generated by org.testng.reporters.JUnitXMLReporter -->
<testsuite ignored="0" hostname="bbbaafeecafddfddddfcafbccaefccb-0" failures="0" tests="2" name="Surefire test" time="1.791" errors="0" timestamp="2023-08-08T10:42:10 UTC">
  <testcase classname="ai.iamneo.testing.Testing_Selenium_TestNg.AppTest" name="@BeforeTest beforeTest" time="1.618">
    <failure type="org.openqa.selenium.WebDriverException" message="unknown error: cannot find Chrome binary
Build info: version: &amp;apos;3.141.59&amp;apos;, revision: &amp;apos;e82be7d358&amp;apos;, time: &amp;apos;2018-11-14T08:17:03&amp;apos;
System info: host: &amp;apos;bbbaafeecafddfddddfcafbccaefccb-0&amp;apos;, ip: &amp;apos;10.56.102.3&amp;apos;, os.name: &amp;apos;Linux&amp;apos;, os.arch: &amp;apos;amd64&amp;apos;, os.version: &amp;apos;5.10.162+&amp;apos;, java.version: &amp;apos;11.0.18&amp;apos;
Driver info: driver.version: ChromeDriver
remote stacktrace: #0 0x55a62ab084e3 &amp;lt;unknown&amp;gt;
#1 0x55a62a837c76 &amp;lt;unknown&amp;gt;
#2 0x55a62a85e757 &amp;lt;unknown&amp;gt;
#3 0x55a62a85d029 &amp;lt;unknown&amp;gt;
#4 0x55a62a89bccc &amp;lt;unknown&amp;gt;
#5 0x55a62a89b47f &amp;lt;unknown&amp;gt;
#6 0x55a62a892de3 &amp;lt;unknown&amp;gt;
#7 0x55a62a8682dd &amp;lt;unknown&amp;gt;
#8 0x55a62a86934e &amp;lt;unknown&amp;gt;
#9 0x55a62aac83e4 &amp;lt;unknown&amp;gt;
#10 0x55a62aacc3d7 &amp;lt;unknown&amp;gt;
#11 0x55a62aad6b20 &amp;lt;unknown&amp;gt;
#12 0x55a62aacd023 &amp;lt;unknown&amp;gt;
#13 0x55a62aa9b1aa &amp;lt;unknown&amp;gt;
#14 0x55a62aaf16b8 &amp;lt;unknown&amp;gt;
#15 0x55a62aaf1847 &amp;lt;unknown&amp;gt;
#16 0x55a62ab01243 &amp;lt;unknown&amp;gt;
#17 0x7fe73a3beea7 start_thread
">
      <![CDATA[org.openqa.selenium.WebDriverException: unknown error: cannot find Chrome binary
Build info: version: '3.141.59', revision: 'e82be7d358', time: '2018-11-14T08:17:03'
System info: host: 'bbbaafeecafddfddddfcafbccaefccb-0', ip: '10.56.102.3', os.name: 'Linux', os.arch: 'amd64', os.version: '5.10.162+', java.version: '11.0.18'
Driver info: driver.version: ChromeDriver
remote stacktrace: #0 0x55a62ab084e3 <unknown>
#1 0x55a62a837c76 <unknown>
#2 0x55a62a85e757 <unknown>
#3 0x55a62a85d029 <unknown>
#4 0x55a62a89bccc <unknown>
#5 0x55a62a89b47f <unknown>
#6 0x55a62a892de3 <unknown>
#7 0x55a62a8682dd <unknown>
#8 0x55a62a86934e <unknown>
#9 0x55a62aac83e4 <unknown>
#10 0x55a62aacc3d7 <unknown>
#11 0x55a62aad6b20 <unknown>
#12 0x55a62aacd023 <unknown>
#13 0x55a62aa9b1aa <unknown>
#14 0x55a62aaf16b8 <unknown>
#15 0x55a62aaf1847 <unknown>
#16 0x55a62ab01243 <unknown>
#17 0x7fe73a3beea7 start_thread

at org.openqa.selenium.remote.W3CHandshakeResponse.lambda$errorHandler$0(W3CHandshakeResponse.java:62)
at org.openqa.selenium.remote.HandshakeResponse.lambda$getResponseFunction$0(HandshakeResponse.java:30)
at org.openqa.selenium.remote.ProtocolHandshake.lambda$createSession$0(ProtocolHandshake.java:126)
at java.base/java.util.stream.ReferencePipeline$3$1.accept(ReferencePipeline.java:195)
at java.base/java.util.Spliterators$ArraySpliterator.tryAdvance(Spliterators.java:958)
at java.base/java.util.stream.ReferencePipeline.forEachWithCancel(ReferencePipeline.java:127)
at java.base/java.util.stream.AbstractPipeline.copyIntoWithCancel(AbstractPipeline.java:502)
at java.base/java.util.stream.AbstractPipeline.copyInto(AbstractPipeline.java:488)
at java.base/java.util.stream.AbstractPipeline.wrapAndCopyInto(AbstractPipeline.java:474)
at java.base/java.util.stream.FindOps$FindOp.evaluateSequential(FindOps.java:150)
at java.base/java.util.stream.AbstractPipeline.evaluate(AbstractPipeline.java:234)
at java.base/java.util.stream.ReferencePipeline.findFirst(ReferencePipeline.java:543)
at org.openqa.selenium.remote.ProtocolHandshake.createSession(ProtocolHandshake.java:128)
at org.openqa.selenium.remote.ProtocolHandshake.createSession(ProtocolHandshake.java:74)
at org.openqa.selenium.remote.HttpCommandExecutor.execute(HttpCommandExecutor.java:136)
at org.openqa.selenium.remote.service.DriverCommandExecutor.execute(DriverCommandExecutor.java:83)
at org.openqa.selenium.remote.RemoteWebDriver.execute(RemoteWebDriver.java:552)
at org.openqa.selenium.remote.RemoteWebDriver.startSession(RemoteWebDriver.java:213)
at org.openqa.selenium.remote.RemoteWebDriver.<init>(RemoteWebDriver.java:131)
at org.openqa.selenium.chrome.ChromeDriver.<init>(ChromeDriver.java:181)
at org.openqa.selenium.chrome.ChromeDriver.<init>(ChromeDriver.java:168)
at org.openqa.selenium.chrome.ChromeDriver.<init>(ChromeDriver.java:123)
at ai.iamneo.testing.Testing_Selenium_TestNg.AppTest.beforeTest(AppTest.java:25)
... Removed 33 stack frames]]>
    </failure>
  </testcase> <!-- @BeforeTest beforeTest -->
  <testcase classname="ai.iamneo.testing.Testing_Selenium_TestNg.AppTest" name="Iamneo" time="0.0">
    <skipped/>
  </testcase> <!-- Iamneo -->
  <testcase classname="ai.iamneo.testing.Testing_Selenium_TestNg.AppTest" name="NextPage" time="0.0">
    <skipped/>
  </testcase> <!-- NextPage -->
</testsuite> <!-- Surefire test -->
